08/11/2023 02:51:24: 1::Controllers.GameEngineController::firstPhase::Phase 1
08/11/2023 02:51:33: 1::Controllers.GameEngineController::firstPhase::loadmap
08/11/2023 02:52:25: 1::Controllers.GameEngineController::firstPhase::Showing map...
08/11/2023 02:52:33: 1::Controllers.GameEngineController::firstPhase::Exit phase 1...
08/11/2023 02:52:33: 1::Controllers.GameEngineController::secondPhase::Phase 2
08/11/2023 02:52:48: 1::Controllers.GameEngineController::secondPhase::gameplayer
08/11/2023 02:52:48: 1::Controllers.GameEngineController::addRemovePlayer::Player ganga added successfully！
08/11/2023 02:52:48: 1::Controllers.GameEngineController::addRemovePlayer::Showing players...
08/11/2023 02:52:53: 1::Controllers.GameEngineController::secondPhase::gameplayer
08/11/2023 02:52:53: 1::Controllers.GameEngineController::addRemovePlayer::Player yang added successfully！
08/11/2023 02:52:53: 1::Controllers.GameEngineController::addRemovePlayer::Showing players...
08/11/2023 02:53:04: 1::Controllers.GameEngineController::secondPhase::assigncountries
08/11/2023 02:53:04: 1::Services.PlayerService::assignCountries::The list of countries is shuffled...
08/11/2023 02:53:04: 1::Services.PlayerService::assignCountries::18 Lettland 3 is assigned to ganga
08/11/2023 02:53:04: 1::Services.PlayerService::assignCountries::10 Schweiz 2 is assigned to ganga
08/11/2023 02:53:04: 1::Services.PlayerService::assignCountries::21 Polen 4 is assigned to ganga
08/11/2023 02:53:04: 1::Services.PlayerService::assignCountries::17 Estland 3 is assigned to ganga
08/11/2023 02:53:04: 1::Services.PlayerService::assignCountries::33 Montenegro 5 is assigned to ganga
08/11/2023 02:53:04: 1::Services.PlayerService::assignCountries::13 Daenemark 3 is assigned to ganga
08/11/2023 02:53:04: 1::Services.PlayerService::assignCountries::29 Slowenien 5 is assigned to ganga
08/11/2023 02:53:04: 1::Services.PlayerService::assignCountries::4 Gross_Britanien 1 is assigned to ganga
08/11/2023 02:53:04: 1::Services.PlayerService::assignCountries::8 Belgien 2 is assigned to ganga
08/11/2023 02:53:04: 1::Services.PlayerService::assignCountries::12 Italien 2 is assigned to ganga
08/11/2023 02:53:04: 1::Services.PlayerService::assignCountries::19 Litauen 3 is assigned to ganga
08/11/2023 02:53:04: 1::Services.PlayerService::assignCountries::20 Kaliningrad 3 is assigned to ganga
08/11/2023 02:53:04: 1::Services.PlayerService::assignCountries::34 Bulgarien 5 is assigned to ganga
08/11/2023 02:53:04: 1::Services.PlayerService::assignCountries::5 Irland 1 is assigned to ganga
08/11/2023 02:53:04: 1::Services.PlayerService::assignCountries::6 Deutschland 2 is assigned to ganga
08/11/2023 02:53:04: 1::Services.PlayerService::assignCountries::28 Moldawien 4 is assigned to ganga
08/11/2023 02:53:04: 1::Services.PlayerService::assignCountries::2 Spanien 1 is assigned to ganga
08/11/2023 02:53:04: 1::Services.PlayerService::assignCountries::26 Ungarn 4 is assigned to ganga
08/11/2023 02:53:04: 1::Services.PlayerService::assignCountries::32 Serbien 5 is assigned to yang
08/11/2023 02:53:04: 1::Services.PlayerService::assignCountries::7 Niederlande 2 is assigned to yang
08/11/2023 02:53:04: 1::Services.PlayerService::assignCountries::30 Kroatien 5 is assigned to yang
08/11/2023 02:53:04: 1::Services.PlayerService::assignCountries::14 Schweden 3 is assigned to yang
08/11/2023 02:53:04: 1::Services.PlayerService::assignCountries::25 Slowakei 4 is assigned to yang
08/11/2023 02:53:04: 1::Services.PlayerService::assignCountries::23 Ukraine 4 is assigned to yang
08/11/2023 02:53:04: 1::Services.PlayerService::assignCountries::37 Griechenland 5 is assigned to yang
08/11/2023 02:53:04: 1::Services.PlayerService::assignCountries::16 Finnland 3 is assigned to yang
08/11/2023 02:53:04: 1::Services.PlayerService::assignCountries::22 Weissrussland 4 is assigned to yang
08/11/2023 02:53:04: 1::Services.PlayerService::assignCountries::31 Bosnien_Herzegowina 5 is assigned to yang
08/11/2023 02:53:04: 1::Services.PlayerService::assignCountries::15 Norwegen 3 is assigned to yang
08/11/2023 02:53:04: 1::Services.PlayerService::assignCountries::11 Oesterreich 2 is assigned to yang
08/11/2023 02:53:04: 1::Services.PlayerService::assignCountries::9 Luxemburg 2 is assigned to yang
08/11/2023 02:53:04: 1::Services.PlayerService::assignCountries::1 Portugal 1 is assigned to yang
08/11/2023 02:53:04: 1::Services.PlayerService::assignCountries::35 Mazedonien 5 is assigned to yang
08/11/2023 02:53:04: 1::Services.PlayerService::assignCountries::36 Albanien 5 is assigned to yang
08/11/2023 02:53:04: 1::Services.PlayerService::assignCountries::24 Tschechien 4 is assigned to yang
08/11/2023 02:53:04: 1::Services.PlayerService::assignCountries::3 Frankreich 1 is assigned to yang
08/11/2023 02:53:04: 1::Services.PlayerService::assignCountries::27 Rumaenien 4 is assigned to [Models.Player@63c12fb0, Models.Player@b1a58a3]
08/11/2023 02:53:09: 1::Controllers.GameEngineController::secondPhase::Exit phase 2...
08/11/2023 02:53:09: 1::Controllers.GameEngineController::thirdPhase::Phase 3
08/11/2023 03:17:00: 1::Controllers.GameEngineController::firstPhase::Phase 1
08/11/2023 03:17:13: 1::Controllers.GameEngineController::firstPhase::loadmap
08/11/2023 03:17:19: 1::Controllers.GameEngineController::firstPhase::Showing map...
08/11/2023 03:17:21: 1::Controllers.GameEngineController::firstPhase::Exit phase 1...
08/11/2023 03:17:21: 1::Controllers.GameEngineController::secondPhase::Phase 2
08/11/2023 03:17:29: 1::Controllers.GameEngineController::secondPhase::gameplayer
08/11/2023 03:17:29: 1::Controllers.GameEngineController::addRemovePlayer::Player Yang added successfully！
08/11/2023 03:17:29: 1::Controllers.GameEngineController::addRemovePlayer::Showing players...
08/11/2023 03:17:36: 1::Controllers.GameEngineController::secondPhase::gameplayer
08/11/2023 03:17:36: 1::Controllers.GameEngineController::addRemovePlayer::Player ganga added successfully！
08/11/2023 03:17:36: 1::Controllers.GameEngineController::addRemovePlayer::Showing players...
08/11/2023 03:17:43: 1::Controllers.GameEngineController::secondPhase::assigncountries
08/11/2023 03:17:43: 1::Services.PlayerService::assignCountries::The list of countries is shuffled...
08/11/2023 03:17:43: 1::Services.PlayerService::assignCountries::14 Schweden 3 is assigned to Yang
08/11/2023 03:17:43: 1::Services.PlayerService::assignCountries::7 Niederlande 2 is assigned to Yang
08/11/2023 03:17:43: 1::Services.PlayerService::assignCountries::23 Ukraine 4 is assigned to Yang
08/11/2023 03:17:43: 1::Services.PlayerService::assignCountries::4 Gross_Britanien 1 is assigned to Yang
08/11/2023 03:17:43: 1::Services.PlayerService::assignCountries::32 Serbien 5 is assigned to Yang
08/11/2023 03:17:43: 1::Services.PlayerService::assignCountries::22 Weissrussland 4 is assigned to Yang
08/11/2023 03:17:43: 1::Services.PlayerService::assignCountries::34 Bulgarien 5 is assigned to Yang
08/11/2023 03:17:43: 1::Services.PlayerService::assignCountries::15 Norwegen 3 is assigned to Yang
08/11/2023 03:17:43: 1::Services.PlayerService::assignCountries::35 Mazedonien 5 is assigned to Yang
08/11/2023 03:17:43: 1::Services.PlayerService::assignCountries::27 Rumaenien 4 is assigned to Yang
08/11/2023 03:17:43: 1::Services.PlayerService::assignCountries::11 Oesterreich 2 is assigned to Yang
08/11/2023 03:17:43: 1::Services.PlayerService::assignCountries::19 Litauen 3 is assigned to Yang
08/11/2023 03:17:43: 1::Services.PlayerService::assignCountries::28 Moldawien 4 is assigned to Yang
08/11/2023 03:17:43: 1::Services.PlayerService::assignCountries::33 Montenegro 5 is assigned to Yang
08/11/2023 03:17:43: 1::Services.PlayerService::assignCountries::1 Portugal 1 is assigned to Yang
08/11/2023 03:17:43: 1::Services.PlayerService::assignCountries::24 Tschechien 4 is assigned to Yang
08/11/2023 03:17:43: 1::Services.PlayerService::assignCountries::8 Belgien 2 is assigned to Yang
08/11/2023 03:17:43: 1::Services.PlayerService::assignCountries::30 Kroatien 5 is assigned to Yang
08/11/2023 03:17:43: 1::Services.PlayerService::assignCountries::3 Frankreich 1 is assigned to ganga
08/11/2023 03:17:43: 1::Services.PlayerService::assignCountries::31 Bosnien_Herzegowina 5 is assigned to ganga
08/11/2023 03:17:43: 1::Services.PlayerService::assignCountries::16 Finnland 3 is assigned to ganga
08/11/2023 03:17:43: 1::Services.PlayerService::assignCountries::12 Italien 2 is assigned to ganga
08/11/2023 03:17:43: 1::Services.PlayerService::assignCountries::2 Spanien 1 is assigned to ganga
08/11/2023 03:17:43: 1::Services.PlayerService::assignCountries::10 Schweiz 2 is assigned to ganga
08/11/2023 03:17:43: 1::Services.PlayerService::assignCountries::18 Lettland 3 is assigned to ganga
08/11/2023 03:17:43: 1::Services.PlayerService::assignCountries::13 Daenemark 3 is assigned to ganga
08/11/2023 03:17:43: 1::Services.PlayerService::assignCountries::25 Slowakei 4 is assigned to ganga
08/11/2023 03:17:43: 1::Services.PlayerService::assignCountries::20 Kaliningrad 3 is assigned to ganga
08/11/2023 03:17:43: 1::Services.PlayerService::assignCountries::6 Deutschland 2 is assigned to ganga
08/11/2023 03:17:43: 1::Services.PlayerService::assignCountries::17 Estland 3 is assigned to ganga
08/11/2023 03:17:43: 1::Services.PlayerService::assignCountries::29 Slowenien 5 is assigned to ganga
08/11/2023 03:17:43: 1::Services.PlayerService::assignCountries::26 Ungarn 4 is assigned to ganga
08/11/2023 03:17:43: 1::Services.PlayerService::assignCountries::9 Luxemburg 2 is assigned to ganga
08/11/2023 03:17:43: 1::Services.PlayerService::assignCountries::37 Griechenland 5 is assigned to ganga
08/11/2023 03:17:43: 1::Services.PlayerService::assignCountries::21 Polen 4 is assigned to ganga
08/11/2023 03:17:43: 1::Services.PlayerService::assignCountries::5 Irland 1 is assigned to ganga
08/11/2023 03:17:43: 1::Services.PlayerService::assignCountries::36 Albanien 5 is assigned to Yang
08/11/2023 03:17:45: 1::Controllers.GameEngineController::secondPhase::Exit phase 2...
08/11/2023 03:17:45: 1::Controllers.GameEngineController::thirdPhase::Phase 3
08/11/2023 03:17:45: 1::Services.PlayerService::issue_order::Set all countries to not neutral...
08/11/2023 03:17:45: 1::Services.PlayerService::issue_order::Set all countries to not neutral...
08/11/2023 03:17:45: 1::Services.PlayerService::issue_order::Set all countries to not neutral...
08/11/2023 03:17:45: 1::Services.PlayerService::issue_order::Set all countries to not neutral...
08/11/2023 03:17:45: 1::Services.PlayerService::issue_order::Set all countries to not neutral...
08/11/2023 03:17:45: 1::Services.PlayerService::issue_order::Set all countries to not neutral...
08/11/2023 03:17:45: 1::Services.PlayerService::issue_order::Set all countries to not neutral...
08/11/2023 03:17:45: 1::Services.PlayerService::issue_order::Set all countries to not neutral...
08/11/2023 03:17:45: 1::Services.PlayerService::issue_order::Set all countries to not neutral...
08/11/2023 03:17:45: 1::Services.PlayerService::issue_order::Set all countries to not neutral...
08/11/2023 03:17:45: 1::Services.PlayerService::issue_order::Set all countries to not neutral...
08/11/2023 03:17:45: 1::Services.PlayerService::issue_order::Set all countries to not neutral...
08/11/2023 03:17:45: 1::Services.PlayerService::issue_order::Set all countries to not neutral...
08/11/2023 03:17:45: 1::Services.PlayerService::issue_order::Set all countries to not neutral...
08/11/2023 03:17:45: 1::Services.PlayerService::issue_order::Set all countries to not neutral...
08/11/2023 03:17:45: 1::Services.PlayerService::issue_order::Set all countries to not neutral...
08/11/2023 03:17:45: 1::Services.PlayerService::issue_order::Set all countries to not neutral...
08/11/2023 03:17:45: 1::Services.PlayerService::issue_order::Set all countries to not neutral...
08/11/2023 03:17:45: 1::Services.PlayerService::issue_order::Set all countries to not neutral...
08/11/2023 03:17:45: 1::Services.PlayerService::issue_order::Set all countries to not neutral...
08/11/2023 03:17:45: 1::Services.PlayerService::issue_order::Set all countries to not neutral...
08/11/2023 03:17:45: 1::Services.PlayerService::issue_order::Set all countries to not neutral...
08/11/2023 03:17:45: 1::Services.PlayerService::issue_order::Set all countries to not neutral...
08/11/2023 03:17:45: 1::Services.PlayerService::issue_order::Set all countries to not neutral...
08/11/2023 03:17:45: 1::Services.PlayerService::issue_order::Set all countries to not neutral...
08/11/2023 03:17:45: 1::Services.PlayerService::issue_order::Set all countries to not neutral...
08/11/2023 03:17:45: 1::Services.PlayerService::issue_order::Set all countries to not neutral...
08/11/2023 03:17:45: 1::Services.PlayerService::issue_order::Set all countries to not neutral...
08/11/2023 03:17:45: 1::Services.PlayerService::issue_order::Set all countries to not neutral...
08/11/2023 03:17:45: 1::Services.PlayerService::issue_order::Set all countries to not neutral...
08/11/2023 03:17:45: 1::Services.PlayerService::issue_order::Set all countries to not neutral...
08/11/2023 03:17:45: 1::Services.PlayerService::issue_order::Set all countries to not neutral...
08/11/2023 03:17:45: 1::Services.PlayerService::issue_order::Set all countries to not neutral...
08/11/2023 03:17:45: 1::Services.PlayerService::issue_order::Set all countries to not neutral...
08/11/2023 03:17:45: 1::Services.PlayerService::issue_order::Set all countries to not neutral...
08/11/2023 03:17:45: 1::Services.PlayerService::issue_order::Set all countries to not neutral...
08/11/2023 03:17:45: 1::Services.PlayerService::issue_order::Set all countries to not neutral...
08/11/2023 03:18:28: 1::Services.PlayerService::issue_order::deploy 19 5
08/11/2023 03:18:28: 1::Services.PlayerService::issue_order::Current command is: 519LitauenModels.Player@b1a58a3{16 Finnland 3=Models.Player@63c12fb0, 19 Litauen 3=Models.Player@b1a58a3, 20 Kaliningrad 3=Models.Player@63c12fb0, 33 Montenegro 5=Models.Player@b1a58a3, 23 Ukraine 4=Models.Player@b1a58a3, 14 Schweden 3=Models.Player@b1a58a3, 30 Kroatien 5=Models.Player@b1a58a3, 15 Norwegen 3=Models.Player@b1a58a3, 37 Griechenland 5=Models.Player@63c12fb0, 21 Polen 4=Models.Player@63c12fb0, 27 Rumaenien 4=Models.Player@b1a58a3, 9 Luxemburg 2=Models.Player@63c12fb0, 8 Belgien 2=Models.Player@b1a58a3, 22 Weissrussland 4=Models.Player@b1a58a3, 10 Schweiz 2=Models.Player@63c12fb0, 35 Mazedonien 5=Models.Player@b1a58a3, 2 Spanien 1=Models.Player@63c12fb0, 34 Bulgarien 5=Models.Player@b1a58a3, 18 Lettland 3=Models.Player@63c12fb0, 6 Deutschland 2=Models.Player@63c12fb0, 13 Daenemark 3=Models.Player@63c12fb0, 11 Oesterreich 2=Models.Player@b1a58a3, 32 Serbien 5=Models.Player@b1a58a3, 1 Portugal 1=Models.Player@b1a58a3, 3 Frankreich 1=Models.Player@63c12fb0, 31 Bosnien_Herzegowina 5=Models.Player@63c12fb0, 5 Irland 1=Models.Player@63c12fb0, 36 Albanien 5=Models.Player@b1a58a3, 29 Slowenien 5=Models.Player@63c12fb0, 12 Italien 2=Models.Player@63c12fb0, 25 Slowakei 4=Models.Player@63c12fb0, 4 Gross_Britanien 1=Models.Player@b1a58a3, 26 Ungarn 4=Models.Player@63c12fb0, 28 Moldawien 4=Models.Player@b1a58a3, 24 Tschechien 4=Models.Player@b1a58a3, 17 Estland 3=Models.Player@63c12fb0, 7 Niederlande 2=Models.Player@b1a58a3}
08/11/2023 03:20:09: 1::Services.PlayerService::issue_order::deploy 16 5
08/11/2023 03:20:09: 1::Services.PlayerService::issue_order::Current command is: 516FinnlandModels.Player@63c12fb0{16 Finnland 3=Models.Player@63c12fb0, 19 Litauen 3=Models.Player@b1a58a3, 20 Kaliningrad 3=Models.Player@63c12fb0, 33 Montenegro 5=Models.Player@b1a58a3, 23 Ukraine 4=Models.Player@b1a58a3, 14 Schweden 3=Models.Player@b1a58a3, 30 Kroatien 5=Models.Player@b1a58a3, 15 Norwegen 3=Models.Player@b1a58a3, 37 Griechenland 5=Models.Player@63c12fb0, 21 Polen 4=Models.Player@63c12fb0, 27 Rumaenien 4=Models.Player@b1a58a3, 9 Luxemburg 2=Models.Player@63c12fb0, 8 Belgien 2=Models.Player@b1a58a3, 22 Weissrussland 4=Models.Player@b1a58a3, 10 Schweiz 2=Models.Player@63c12fb0, 35 Mazedonien 5=Models.Player@b1a58a3, 2 Spanien 1=Models.Player@63c12fb0, 34 Bulgarien 5=Models.Player@b1a58a3, 18 Lettland 3=Models.Player@63c12fb0, 6 Deutschland 2=Models.Player@63c12fb0, 13 Daenemark 3=Models.Player@63c12fb0, 11 Oesterreich 2=Models.Player@b1a58a3, 32 Serbien 5=Models.Player@b1a58a3, 1 Portugal 1=Models.Player@b1a58a3, 3 Frankreich 1=Models.Player@63c12fb0, 31 Bosnien_Herzegowina 5=Models.Player@63c12fb0, 5 Irland 1=Models.Player@63c12fb0, 36 Albanien 5=Models.Player@b1a58a3, 29 Slowenien 5=Models.Player@63c12fb0, 12 Italien 2=Models.Player@63c12fb0, 25 Slowakei 4=Models.Player@63c12fb0, 4 Gross_Britanien 1=Models.Player@b1a58a3, 26 Ungarn 4=Models.Player@63c12fb0, 28 Moldawien 4=Models.Player@b1a58a3, 24 Tschechien 4=Models.Player@b1a58a3, 17 Estland 3=Models.Player@63c12fb0, 7 Niederlande 2=Models.Player@b1a58a3}
08/11/2023 03:24:37: 1::Controllers.GameEngineController::firstPhase::Phase 1
08/11/2023 03:24:45: 1::Controllers.GameEngineController::firstPhase::loadmap
08/11/2023 03:24:51: 1::Controllers.GameEngineController::firstPhase::Showing map...
08/11/2023 03:24:57: 1::Controllers.GameEngineController::firstPhase::Exit phase 1...
08/11/2023 03:24:57: 1::Controllers.GameEngineController::secondPhase::Phase 2
08/11/2023 03:25:04: 1::Controllers.GameEngineController::secondPhase::gameplayer
08/11/2023 03:25:04: 1::Controllers.GameEngineController::addRemovePlayer::Player yang added successfully！
08/11/2023 03:25:04: 1::Controllers.GameEngineController::addRemovePlayer::Showing players...
08/11/2023 03:25:20: 1::Controllers.GameEngineController::secondPhase::gameplayer
08/11/2023 03:25:20: 1::Controllers.GameEngineController::addRemovePlayer::Player cao added successfully！
08/11/2023 03:25:20: 1::Controllers.GameEngineController::addRemovePlayer::Showing players...
08/11/2023 03:25:26: 1::Controllers.GameEngineController::secondPhase::assigncountries
08/11/2023 03:25:26: 1::Services.PlayerService::assignCountries::The list of countries is shuffled...
08/11/2023 03:25:26: 1::Services.PlayerService::assignCountries::37 Griechenland 5 is assigned to yang
08/11/2023 03:25:26: 1::Services.PlayerService::assignCountries::22 Weissrussland 4 is assigned to yang
08/11/2023 03:25:26: 1::Services.PlayerService::assignCountries::19 Litauen 3 is assigned to yang
08/11/2023 03:25:26: 1::Services.PlayerService::assignCountries::13 Daenemark 3 is assigned to yang
08/11/2023 03:25:26: 1::Services.PlayerService::assignCountries::15 Norwegen 3 is assigned to yang
08/11/2023 03:25:26: 1::Services.PlayerService::assignCountries::14 Schweden 3 is assigned to yang
08/11/2023 03:25:26: 1::Services.PlayerService::assignCountries::35 Mazedonien 5 is assigned to yang
08/11/2023 03:25:26: 1::Services.PlayerService::assignCountries::7 Niederlande 2 is assigned to yang
08/11/2023 03:25:26: 1::Services.PlayerService::assignCountries::16 Finnland 3 is assigned to yang
08/11/2023 03:25:26: 1::Services.PlayerService::assignCountries::12 Italien 2 is assigned to yang
08/11/2023 03:25:26: 1::Services.PlayerService::assignCountries::27 Rumaenien 4 is assigned to yang
08/11/2023 03:25:26: 1::Services.PlayerService::assignCountries::25 Slowakei 4 is assigned to yang
08/11/2023 03:25:26: 1::Services.PlayerService::assignCountries::1 Portugal 1 is assigned to yang
08/11/2023 03:25:26: 1::Services.PlayerService::assignCountries::20 Kaliningrad 3 is assigned to yang
08/11/2023 03:25:26: 1::Services.PlayerService::assignCountries::10 Schweiz 2 is assigned to yang
08/11/2023 03:25:26: 1::Services.PlayerService::assignCountries::32 Serbien 5 is assigned to yang
08/11/2023 03:25:26: 1::Services.PlayerService::assignCountries::6 Deutschland 2 is assigned to yang
08/11/2023 03:25:26: 1::Services.PlayerService::assignCountries::11 Oesterreich 2 is assigned to yang
08/11/2023 03:25:26: 1::Services.PlayerService::assignCountries::34 Bulgarien 5 is assigned to cao
08/11/2023 03:25:26: 1::Services.PlayerService::assignCountries::5 Irland 1 is assigned to cao
08/11/2023 03:25:26: 1::Services.PlayerService::assignCountries::23 Ukraine 4 is assigned to cao
08/11/2023 03:25:26: 1::Services.PlayerService::assignCountries::8 Belgien 2 is assigned to cao
08/11/2023 03:25:26: 1::Services.PlayerService::assignCountries::33 Montenegro 5 is assigned to cao
08/11/2023 03:25:26: 1::Services.PlayerService::assignCountries::36 Albanien 5 is assigned to cao
08/11/2023 03:25:26: 1::Services.PlayerService::assignCountries::30 Kroatien 5 is assigned to cao
08/11/2023 03:25:26: 1::Services.PlayerService::assignCountries::4 Gross_Britanien 1 is assigned to cao
08/11/2023 03:25:26: 1::Services.PlayerService::assignCountries::2 Spanien 1 is assigned to cao
08/11/2023 03:25:26: 1::Services.PlayerService::assignCountries::17 Estland 3 is assigned to cao
08/11/2023 03:25:26: 1::Services.PlayerService::assignCountries::9 Luxemburg 2 is assigned to cao
08/11/2023 03:25:26: 1::Services.PlayerService::assignCountries::3 Frankreich 1 is assigned to cao
08/11/2023 03:25:26: 1::Services.PlayerService::assignCountries::26 Ungarn 4 is assigned to cao
08/11/2023 03:25:26: 1::Services.PlayerService::assignCountries::18 Lettland 3 is assigned to cao
08/11/2023 03:25:26: 1::Services.PlayerService::assignCountries::31 Bosnien_Herzegowina 5 is assigned to cao
08/11/2023 03:25:26: 1::Services.PlayerService::assignCountries::28 Moldawien 4 is assigned to cao
08/11/2023 03:25:26: 1::Services.PlayerService::assignCountries::29 Slowenien 5 is assigned to cao
08/11/2023 03:25:26: 1::Services.PlayerService::assignCountries::21 Polen 4 is assigned to cao
08/11/2023 03:25:26: 1::Services.PlayerService::assignCountries::24 Tschechien 4 is assigned to yang
08/11/2023 03:25:28: 1::Controllers.GameEngineController::secondPhase::Exit phase 2...
08/11/2023 03:25:28: 1::Controllers.GameEngineController::thirdPhase::Phase 3
08/11/2023 03:25:28: 1::Services.PlayerService::issue_order::Set countryFinnland to not neutral...
08/11/2023 03:25:28: 1::Services.PlayerService::issue_order::Set countryLitauen to not neutral...
08/11/2023 03:25:28: 1::Services.PlayerService::issue_order::Set countryKaliningrad to not neutral...
08/11/2023 03:25:28: 1::Services.PlayerService::issue_order::Set countryMontenegro to not neutral...
08/11/2023 03:25:28: 1::Services.PlayerService::issue_order::Set countryUkraine to not neutral...
08/11/2023 03:25:28: 1::Services.PlayerService::issue_order::Set countrySchweden to not neutral...
08/11/2023 03:25:28: 1::Services.PlayerService::issue_order::Set countryKroatien to not neutral...
08/11/2023 03:25:28: 1::Services.PlayerService::issue_order::Set countryGriechenland to not neutral...
08/11/2023 03:25:28: 1::Services.PlayerService::issue_order::Set countryNorwegen to not neutral...
08/11/2023 03:25:28: 1::Services.PlayerService::issue_order::Set countryPolen to not neutral...
08/11/2023 03:25:28: 1::Services.PlayerService::issue_order::Set countryRumaenien to not neutral...
08/11/2023 03:25:28: 1::Services.PlayerService::issue_order::Set countryLuxemburg to not neutral...
08/11/2023 03:25:28: 1::Services.PlayerService::issue_order::Set countryBelgien to not neutral...
08/11/2023 03:25:28: 1::Services.PlayerService::issue_order::Set countryWeissrussland to not neutral...
08/11/2023 03:25:28: 1::Services.PlayerService::issue_order::Set countrySchweiz to not neutral...
08/11/2023 03:25:28: 1::Services.PlayerService::issue_order::Set countryMazedonien to not neutral...
08/11/2023 03:25:28: 1::Services.PlayerService::issue_order::Set countrySpanien to not neutral...
08/11/2023 03:25:28: 1::Services.PlayerService::issue_order::Set countryBulgarien to not neutral...
08/11/2023 03:25:28: 1::Services.PlayerService::issue_order::Set countryLettland to not neutral...
08/11/2023 03:25:28: 1::Services.PlayerService::issue_order::Set countryDeutschland to not neutral...
08/11/2023 03:25:28: 1::Services.PlayerService::issue_order::Set countryDaenemark to not neutral...
08/11/2023 03:25:28: 1::Services.PlayerService::issue_order::Set countryOesterreich to not neutral...
08/11/2023 03:25:28: 1::Services.PlayerService::issue_order::Set countrySerbien to not neutral...
08/11/2023 03:25:28: 1::Services.PlayerService::issue_order::Set countryPortugal to not neutral...
08/11/2023 03:25:28: 1::Services.PlayerService::issue_order::Set countryFrankreich to not neutral...
08/11/2023 03:25:28: 1::Services.PlayerService::issue_order::Set countryBosnien_Herzegowina to not neutral...
08/11/2023 03:25:28: 1::Services.PlayerService::issue_order::Set countryIrland to not neutral...
08/11/2023 03:25:28: 1::Services.PlayerService::issue_order::Set countryAlbanien to not neutral...
08/11/2023 03:25:28: 1::Services.PlayerService::issue_order::Set countrySlowenien to not neutral...
08/11/2023 03:25:28: 1::Services.PlayerService::issue_order::Set countryItalien to not neutral...
08/11/2023 03:25:28: 1::Services.PlayerService::issue_order::Set countrySlowakei to not neutral...
08/11/2023 03:25:28: 1::Services.PlayerService::issue_order::Set countryGross_Britanien to not neutral...
08/11/2023 03:25:28: 1::Services.PlayerService::issue_order::Set countryUngarn to not neutral...
08/11/2023 03:25:28: 1::Services.PlayerService::issue_order::Set countryMoldawien to not neutral...
08/11/2023 03:25:28: 1::Services.PlayerService::issue_order::Set countryTschechien to not neutral...
08/11/2023 03:25:28: 1::Services.PlayerService::issue_order::Set countryEstland to not neutral...
08/11/2023 03:25:28: 1::Services.PlayerService::issue_order::Set countryNiederlande to not neutral...
08/11/2023 03:25:44: 1::Services.PlayerService::issue_order::deploy 16 5
08/11/2023 03:25:44: 1::Services.PlayerService::issue_order::Current command is: deploy 5 armies to country 16 Finnland from player yang
08/11/2023 03:25:56: 1::Services.PlayerService::issue_order::deploy 33 4
08/11/2023 03:25:56: 1::Services.PlayerService::issue_order::Current command is: deploy 4 armies to country 33 Montenegro from player cao
08/11/2023 03:26:03: 1::Services.PlayerService::issue_order::deploy 21 1
08/11/2023 03:26:03: 1::Services.PlayerService::issue_order::Current command is: deploy 1 armies to country 21 Polen from player cao
08/11/2023 03:36:58: 1::Controllers.GameEngineController::firstPhase::Phase 1
08/11/2023 03:37:04: 1::Controllers.GameEngineController::firstPhase::loadmap
08/11/2023 03:37:08: 1::Controllers.GameEngineController::firstPhase::Showing map...
08/11/2023 03:37:10: 1::Controllers.GameEngineController::firstPhase::Exit phase 1...
08/11/2023 03:37:10: 1::Controllers.GameEngineController::secondPhase::Phase 2
08/11/2023 03:37:15: 1::Controllers.GameEngineController::secondPhase::gameplayer
08/11/2023 03:37:15: 1::Controllers.GameEngineController::addRemovePlayer::Player yang added successfully！
08/11/2023 03:37:15: 1::Controllers.GameEngineController::addRemovePlayer::Showing players...
08/11/2023 03:37:20: 1::Controllers.GameEngineController::secondPhase::gameplayer
08/11/2023 03:37:20: 1::Controllers.GameEngineController::addRemovePlayer::Player ganga added successfully！
08/11/2023 03:37:20: 1::Controllers.GameEngineController::addRemovePlayer::Showing players...
08/11/2023 03:37:26: 1::Controllers.GameEngineController::secondPhase::assigncountries
08/11/2023 03:37:26: 1::Services.PlayerService::assignCountries::The list of countries is shuffled...
08/11/2023 03:37:26: 1::Services.PlayerService::assignCountries::29 Slowenien 5 is assigned to yang
08/11/2023 03:37:26: 1::Services.PlayerService::assignCountries::12 Italien 2 is assigned to yang
08/11/2023 03:37:26: 1::Services.PlayerService::assignCountries::34 Bulgarien 5 is assigned to yang
08/11/2023 03:37:26: 1::Services.PlayerService::assignCountries::13 Daenemark 3 is assigned to yang
08/11/2023 03:37:26: 1::Services.PlayerService::assignCountries::24 Tschechien 4 is assigned to yang
08/11/2023 03:37:26: 1::Services.PlayerService::assignCountries::20 Kaliningrad 3 is assigned to yang
08/11/2023 03:37:26: 1::Services.PlayerService::assignCountries::18 Lettland 3 is assigned to yang
08/11/2023 03:37:26: 1::Services.PlayerService::assignCountries::25 Slowakei 4 is assigned to yang
08/11/2023 03:37:26: 1::Services.PlayerService::assignCountries::31 Bosnien_Herzegowina 5 is assigned to yang
08/11/2023 03:37:26: 1::Services.PlayerService::assignCountries::26 Ungarn 4 is assigned to yang
08/11/2023 03:37:26: 1::Services.PlayerService::assignCountries::9 Luxemburg 2 is assigned to yang
08/11/2023 03:37:26: 1::Services.PlayerService::assignCountries::11 Oesterreich 2 is assigned to yang
08/11/2023 03:37:26: 1::Services.PlayerService::assignCountries::32 Serbien 5 is assigned to yang
08/11/2023 03:37:26: 1::Services.PlayerService::assignCountries::27 Rumaenien 4 is assigned to yang
08/11/2023 03:37:26: 1::Services.PlayerService::assignCountries::36 Albanien 5 is assigned to yang
08/11/2023 03:37:26: 1::Services.PlayerService::assignCountries::7 Niederlande 2 is assigned to yang
08/11/2023 03:37:26: 1::Services.PlayerService::assignCountries::37 Griechenland 5 is assigned to yang
08/11/2023 03:37:26: 1::Services.PlayerService::assignCountries::4 Gross_Britanien 1 is assigned to yang
08/11/2023 03:37:26: 1::Services.PlayerService::assignCountries::14 Schweden 3 is assigned to ganga
08/11/2023 03:37:26: 1::Services.PlayerService::assignCountries::5 Irland 1 is assigned to ganga
08/11/2023 03:37:26: 1::Services.PlayerService::assignCountries::8 Belgien 2 is assigned to ganga
08/11/2023 03:37:26: 1::Services.PlayerService::assignCountries::10 Schweiz 2 is assigned to ganga
08/11/2023 03:37:26: 1::Services.PlayerService::assignCountries::33 Montenegro 5 is assigned to ganga
08/11/2023 03:37:26: 1::Services.PlayerService::assignCountries::2 Spanien 1 is assigned to ganga
08/11/2023 03:37:26: 1::Services.PlayerService::assignCountries::1 Portugal 1 is assigned to ganga
08/11/2023 03:37:26: 1::Services.PlayerService::assignCountries::3 Frankreich 1 is assigned to ganga
08/11/2023 03:37:26: 1::Services.PlayerService::assignCountries::35 Mazedonien 5 is assigned to ganga
08/11/2023 03:37:26: 1::Services.PlayerService::assignCountries::16 Finnland 3 is assigned to ganga
08/11/2023 03:37:26: 1::Services.PlayerService::assignCountries::21 Polen 4 is assigned to ganga
08/11/2023 03:37:26: 1::Services.PlayerService::assignCountries::19 Litauen 3 is assigned to ganga
08/11/2023 03:37:26: 1::Services.PlayerService::assignCountries::15 Norwegen 3 is assigned to ganga
08/11/2023 03:37:26: 1::Services.PlayerService::assignCountries::6 Deutschland 2 is assigned to ganga
08/11/2023 03:37:26: 1::Services.PlayerService::assignCountries::22 Weissrussland 4 is assigned to ganga
08/11/2023 03:37:26: 1::Services.PlayerService::assignCountries::28 Moldawien 4 is assigned to ganga
08/11/2023 03:37:26: 1::Services.PlayerService::assignCountries::30 Kroatien 5 is assigned to ganga
08/11/2023 03:37:26: 1::Services.PlayerService::assignCountries::23 Ukraine 4 is assigned to ganga
08/11/2023 03:37:26: 1::Services.PlayerService::assignCountries::17 Estland 3 is assigned to yang
08/11/2023 03:37:28: 1::Controllers.GameEngineController::secondPhase::Exit phase 2...
08/11/2023 03:37:28: 1::Controllers.GameEngineController::thirdPhase::Phase 3
08/11/2023 03:37:28: 1::Services.PlayerService::issue_order::Set country Finnland to not neutral...
08/11/2023 03:37:28: 1::Services.PlayerService::issue_order::Set country Litauen to not neutral...
08/11/2023 03:37:28: 1::Services.PlayerService::issue_order::Set country Kaliningrad to not neutral...
08/11/2023 03:37:28: 1::Services.PlayerService::issue_order::Set country Montenegro to not neutral...
08/11/2023 03:37:28: 1::Services.PlayerService::issue_order::Set country Ukraine to not neutral...
08/11/2023 03:37:28: 1::Services.PlayerService::issue_order::Set country Schweden to not neutral...
08/11/2023 03:37:28: 1::Services.PlayerService::issue_order::Set country Kroatien to not neutral...
08/11/2023 03:37:28: 1::Services.PlayerService::issue_order::Set country Griechenland to not neutral...
08/11/2023 03:37:28: 1::Services.PlayerService::issue_order::Set country Norwegen to not neutral...
08/11/2023 03:37:28: 1::Services.PlayerService::issue_order::Set country Polen to not neutral...
08/11/2023 03:37:28: 1::Services.PlayerService::issue_order::Set country Luxemburg to not neutral...
08/11/2023 03:37:28: 1::Services.PlayerService::issue_order::Set country Rumaenien to not neutral...
08/11/2023 03:37:28: 1::Services.PlayerService::issue_order::Set country Belgien to not neutral...
08/11/2023 03:37:28: 1::Services.PlayerService::issue_order::Set country Schweiz to not neutral...
08/11/2023 03:37:28: 1::Services.PlayerService::issue_order::Set country Weissrussland to not neutral...
08/11/2023 03:37:28: 1::Services.PlayerService::issue_order::Set country Mazedonien to not neutral...
08/11/2023 03:37:28: 1::Services.PlayerService::issue_order::Set country Spanien to not neutral...
08/11/2023 03:37:28: 1::Services.PlayerService::issue_order::Set country Bulgarien to not neutral...
08/11/2023 03:37:28: 1::Services.PlayerService::issue_order::Set country Lettland to not neutral...
08/11/2023 03:37:28: 1::Services.PlayerService::issue_order::Set country Deutschland to not neutral...
08/11/2023 03:37:28: 1::Services.PlayerService::issue_order::Set country Daenemark to not neutral...
08/11/2023 03:37:28: 1::Services.PlayerService::issue_order::Set country Oesterreich to not neutral...
08/11/2023 03:37:28: 1::Services.PlayerService::issue_order::Set country Serbien to not neutral...
08/11/2023 03:37:28: 1::Services.PlayerService::issue_order::Set country Portugal to not neutral...
08/11/2023 03:37:28: 1::Services.PlayerService::issue_order::Set country Frankreich to not neutral...
08/11/2023 03:37:28: 1::Services.PlayerService::issue_order::Set country Bosnien_Herzegowina to not neutral...
08/11/2023 03:37:28: 1::Services.PlayerService::issue_order::Set country Albanien to not neutral...
08/11/2023 03:37:28: 1::Services.PlayerService::issue_order::Set country Irland to not neutral...
08/11/2023 03:37:28: 1::Services.PlayerService::issue_order::Set country Slowenien to not neutral...
08/11/2023 03:37:28: 1::Services.PlayerService::issue_order::Set country Italien to not neutral...
08/11/2023 03:37:28: 1::Services.PlayerService::issue_order::Set country Slowakei to not neutral...
08/11/2023 03:37:28: 1::Services.PlayerService::issue_order::Set country Ungarn to not neutral...
08/11/2023 03:37:28: 1::Services.PlayerService::issue_order::Set country Gross_Britanien to not neutral...
08/11/2023 03:37:28: 1::Services.PlayerService::issue_order::Set country Tschechien to not neutral...
08/11/2023 03:37:28: 1::Services.PlayerService::issue_order::Set country Moldawien to not neutral...
08/11/2023 03:37:28: 1::Services.PlayerService::issue_order::Set country Estland to not neutral...
08/11/2023 03:37:28: 1::Services.PlayerService::issue_order::Set country Niederlande to not neutral...
08/11/2023 03:37:39: 1::Services.PlayerService::issue_order::advance 20 5
08/11/2023 03:37:51: 1::Services.PlayerService::issue_order::deploy 20 5
08/11/2023 03:37:51: 1::Services.PlayerService::issue_order::Current command is: Deploy 5 armies to country 20 Kaliningrad from player yang
08/11/2023 03:40:17: 1::Services.PlayerService::issue_order::Current command is: Advance 6 armies to country 29 30 from player yang's country 29
08/11/2023 03:40:21: 1::Services.PlayerService::issue_order::Exit current phase...
08/11/2023 03:40:28: 1::Services.PlayerService::issue_order::deploy 1 4
08/11/2023 03:40:28: 1::Services.PlayerService::issue_order::Current command is: Deploy 4 armies to country 1 Portugal from player ganga
08/11/2023 03:40:36: 1::Services.PlayerService::issue_order::deploy 8 1
08/11/2023 03:40:36: 1::Services.PlayerService::issue_order::Current command is: Deploy 1 armies to country 8 Belgien from player ganga
08/11/2023 03:41:31: 1::Services.PlayerService::issue_order::Current command is: Advance 6 armies to country 23 25 from player ganga's country 23
08/11/2023 03:41:34: 1::Services.PlayerService::issue_order::Exit current phase...
